Arguments: 
  /usr/local/bin/node /usr/local/Cellar/yarn/1.16.0/libexec/bin/yarn.js init

PATH: 
  /Library/Frameworks/Python.framework/Versions/3.6/bin:/usr/local/bin:/usr/local/bin:/usr/bin:/bin:/usr/sbin:/sbin

Yarn version: 
  1.16.0

Node version: 
  8.11.3

Platform: 
  darwin x64

Trace: 
  Error: canceled
      at Interface.<anonymous> (/usr/local/Cellar/yarn/1.16.0/libexec/lib/cli.js:125850:13)
      at emitNone (events.js:106:13)
      at Interface.emit (events.js:208:7)
      at Interface._ttyWrite (readline.js:774:16)
      at ReadStream.onkeypress (readline.js:158:10)
      at emitTwo (events.js:126:13)
      at ReadStream.emit (events.js:214:7)
      at emitKeys (internal/readline.js:420:14)
      at emitKeys.next (<anonymous>)
      at ReadStream.onData (readline.js:1010:36)

npm manifest: 
  {
    "dependencies": {
      "uikit": "^3.1.5"
    }
  }

yarn manifest: 
  No manifest

Lockfile: 
  # THIS IS AN AUTOGENERATED FILE. DO NOT EDIT THIS FILE DIRECTLY.
  # yarn lockfile v1
  
  
  uikit@^3.1.5:
    version "3.1.5"
    resolved "https://registry.yarnpkg.com/uikit/-/uikit-3.1.5.tgz#79c68bd1f7be779c1748734bbc281ac531a53129"
    integrity sha512-6kN9GewAeFXeOVRbtLL1PIhIXixIDbRMJGHnIiMXJT5Bp3n6HYfVdaBIjJLEh9Ffuv3JdGnwZdKuGpp7oNcRhw==
